This is pdfTeX, Version 3.141592653-2.6-1.40.26 (TeX Live 2024) (preloaded format=pdflatex 2024.5.12)  28 FEB 2025 12:22
entering extended mode
 restricted \write18 enabled.
 file:line:error style messages enabled.
 %&-line parsing enabled.
**De_Deo.tex
(./De_Deo.tex
LaTeX2e <2023-11-01> patch level 1
L3 programming layer <2024-02-20>
(/usr/local/texlive/2024/texmf-dist/tex/latex/base/report.cls
Document Class: report 2023/05/17 v1.4n Standard LaTeX document class
(/usr/local/texlive/2024/texmf-dist/tex/latex/base/size10.clo
File: size10.clo 2023/05/17 v1.4n Standard LaTeX file (size option)
)
\c@part=\count188
\c@chapter=\count189
\c@section=\count190
\c@subsection=\count191
\c@subsubsection=\count192
\c@paragraph=\count193
\c@subparagraph=\count194
\c@figure=\count195
\c@table=\count196
\abovecaptionskip=\skip48
\belowcaptionskip=\skip49
\bibindent=\dimen140
)
(/usr/local/texlive/2024/texmf-dist/tex/latex/base/inputenc.sty
Package: inputenc 2021/02/14 v1.3d Input encoding file
\inpenc@prehook=\toks17
\inpenc@posthook=\toks18
)
(/usr/local/texlive/2024/texmf-dist/tex/latex/base/fontenc.sty
Package: fontenc 2021/04/29 v2.0v Standard LaTeX package
)
(/usr/local/texlive/2024/texmf-dist/tex/latex/preprint/fullpage.sty
Package: fullpage 1999/02/23 1.1 (PWD)
\FP@margin=\skip50
)
(./coqdoc.sty
Package: coqdoc 2002/02/11
\coqdocbaseindent=\skip51
 (/usr/local/texlive/2024/texmf-dist/tex/generic/iftex/ifpdf.sty
Package: ifpdf 2019/10/25 v3.4 ifpdf legacy package. Use iftex instead.

(/usr/local/texlive/2024/texmf-dist/tex/generic/iftex/iftex.sty
Package: iftex 2022/02/03 v1.0f TeX engine tests
))
(/usr/local/texlive/2024/texmf-dist/tex/latex/hyperref/hyperref.sty
Package: hyperref 2024-01-20 v7.01h Hypertext links for LaTeX

(/usr/local/texlive/2024/texmf-dist/tex/latex/graphics/keyval.sty
Package: keyval 2022/05/29 v1.15 key=value parser (DPC)
\KV@toks@=\toks19
)
(/usr/local/texlive/2024/texmf-dist/tex/latex/kvsetkeys/kvsetkeys.sty
Package: kvsetkeys 2022-10-05 v1.19 Key value parser (HO)
)
(/usr/local/texlive/2024/texmf-dist/tex/generic/kvdefinekeys/kvdefinekeys.sty
Package: kvdefinekeys 2019-12-19 v1.6 Define keys (HO)
)
(/usr/local/texlive/2024/texmf-dist/tex/generic/pdfescape/pdfescape.sty
Package: pdfescape 2019/12/09 v1.15 Implements pdfTeX's escape features (HO)

(/usr/local/texlive/2024/texmf-dist/tex/generic/ltxcmds/ltxcmds.sty
Package: ltxcmds 2023-12-04 v1.26 LaTeX kernel commands for general use (HO)
)
(/usr/local/texlive/2024/texmf-dist/tex/generic/pdftexcmds/pdftexcmds.sty
Package: pdftexcmds 2020-06-27 v0.33 Utility functions of pdfTeX for LuaTeX (HO
)

(/usr/local/texlive/2024/texmf-dist/tex/generic/infwarerr/infwarerr.sty
Package: infwarerr 2019/12/03 v1.5 Providing info/warning/error messages (HO)
)
Package pdftexcmds Info: \pdf@primitive is available.
Package pdftexcmds Info: \pdf@ifprimitive is available.
Package pdftexcmds Info: \pdfdraftmode found.
))
(/usr/local/texlive/2024/texmf-dist/tex/latex/hycolor/hycolor.sty
Package: hycolor 2020-01-27 v1.10 Color options for hyperref/bookmark (HO)
)
(/usr/local/texlive/2024/texmf-dist/tex/latex/auxhook/auxhook.sty
Package: auxhook 2019-12-17 v1.6 Hooks for auxiliary files (HO)
)
(/usr/local/texlive/2024/texmf-dist/tex/latex/hyperref/nameref.sty
Package: nameref 2023-11-26 v2.56 Cross-referencing by name of section

(/usr/local/texlive/2024/texmf-dist/tex/latex/refcount/refcount.sty
Package: refcount 2019/12/15 v3.6 Data extraction from label references (HO)
)
(/usr/local/texlive/2024/texmf-dist/tex/generic/gettitlestring/gettitlestring.s
ty
Package: gettitlestring 2019/12/15 v1.6 Cleanup title references (HO)
 (/usr/local/texlive/2024/texmf-dist/tex/latex/kvoptions/kvoptions.sty
Package: kvoptions 2022-06-15 v3.15 Key value format for package options (HO)
))
\c@section@level=\count197
)
(/usr/local/texlive/2024/texmf-dist/tex/latex/etoolbox/etoolbox.sty
Package: etoolbox 2020/10/05 v2.5k e-TeX tools for LaTeX (JAW)
\etb@tempcnta=\count198
)
\@linkdim=\dimen141
\Hy@linkcounter=\count199
\Hy@pagecounter=\count266

(/usr/local/texlive/2024/texmf-dist/tex/latex/hyperref/pd1enc.def
File: pd1enc.def 2024-01-20 v7.01h Hyperref: PDFDocEncoding definition (HO)
Now handling font encoding PD1 ...
... no UTF-8 mapping file for font encoding PD1
)
(/usr/local/texlive/2024/texmf-dist/tex/generic/intcalc/intcalc.sty
Package: intcalc 2019/12/15 v1.3 Expandable calculations with integers (HO)
)
\Hy@SavedSpaceFactor=\count267

(/usr/local/texlive/2024/texmf-dist/tex/latex/hyperref/puenc.def
File: puenc.def 2024-01-20 v7.01h Hyperref: PDF Unicode definition (HO)
Now handling font encoding PU ...
... no UTF-8 mapping file for font encoding PU
)
Package hyperref Info: Hyper figures OFF on input line 4179.
Package hyperref Info: Link nesting OFF on input line 4184.
Package hyperref Info: Hyper index ON on input line 4187.
Package hyperref Info: Plain pages OFF on input line 4194.
Package hyperref Info: Backreferencing OFF on input line 4199.
Package hyperref Info: Implicit mode ON; LaTeX internals redefined.
Package hyperref Info: Bookmarks ON on input line 4446.
\c@Hy@tempcnt=\count268

(/usr/local/texlive/2024/texmf-dist/tex/latex/url/url.sty
\Urlmuskip=\muskip16
Package: url 2013/09/16  ver 3.4  Verb mode for urls, etc.
)
LaTeX Info: Redefining \url on input line 4784.
\XeTeXLinkMargin=\dimen142

(/usr/local/texlive/2024/texmf-dist/tex/generic/bitset/bitset.sty
Package: bitset 2019/12/09 v1.3 Handle bit-vector datatype (HO)

(/usr/local/texlive/2024/texmf-dist/tex/generic/bigintcalc/bigintcalc.sty
Package: bigintcalc 2019/12/15 v1.5 Expandable calculations on big integers (HO
)
))
\Fld@menulength=\count269
\Field@Width=\dimen143
\Fld@charsize=\dimen144
Package hyperref Info: Hyper figures OFF on input line 6063.
Package hyperref Info: Link nesting OFF on input line 6068.
Package hyperref Info: Hyper index ON on input line 6071.
Package hyperref Info: backreferencing OFF on input line 6078.
Package hyperref Info: Link coloring OFF on input line 6083.
Package hyperref Info: Link coloring with OCG OFF on input line 6088.
Package hyperref Info: PDF/A mode OFF on input line 6093.

(/usr/local/texlive/2024/texmf-dist/tex/latex/base/atbegshi-ltx.sty
Package: atbegshi-ltx 2021/01/10 v1.0c Emulation of the original atbegshi
package with kernel methods
)
\Hy@abspage=\count270
\c@Item=\count271
\c@Hfootnote=\count272
)
Package hyperref Info: Driver (autodetected): hpdftex.

(/usr/local/texlive/2024/texmf-dist/tex/latex/hyperref/hpdftex.def
File: hpdftex.def 2024-01-20 v7.01h Hyperref driver for pdfTeX

(/usr/local/texlive/2024/texmf-dist/tex/latex/base/atveryend-ltx.sty
Package: atveryend-ltx 2020/08/19 v1.0a Emulation of the original atveryend pac
kage
with kernel methods
)
\Fld@listcount=\count273
\c@bookmark@seq@number=\count274

(/usr/local/texlive/2024/texmf-dist/tex/latex/rerunfilecheck/rerunfilecheck.sty
Package: rerunfilecheck 2022-07-10 v1.10 Rerun checks for auxiliary files (HO)

(/usr/local/texlive/2024/texmf-dist/tex/generic/uniquecounter/uniquecounter.sty
Package: uniquecounter 2019/12/15 v1.4 Provide unlimited unique counter (HO)
)
Package uniquecounter Info: New unique counter `rerunfilecheck' on input line 2
85.
)
\Hy@SectionHShift=\skip52
)
Package hyperref Info: Option `raiselinks' set `true' on input line 114.
Package hyperref Info: Option `colorlinks' set `true' on input line 114.
 (/usr/local/texlive/2024/texmf-dist/tex/latex/tools/xr.sty
Package: xr 2023-07-04 v5.06 eXternal References (DPC)
))
(/usr/local/texlive/2024/texmf-dist/tex/latex/amsmath/amsmath.sty
Package: amsmath 2023/05/13 v2.17o AMS math features
\@mathmargin=\skip53

For additional information on amsmath, use the `?' option.
(/usr/local/texlive/2024/texmf-dist/tex/latex/amsmath/amstext.sty
Package: amstext 2021/08/26 v2.01 AMS text

(/usr/local/texlive/2024/texmf-dist/tex/latex/amsmath/amsgen.sty
File: amsgen.sty 1999/11/30 v2.0 generic functions
\@emptytoks=\toks20
\ex@=\dimen145
))
(/usr/local/texlive/2024/texmf-dist/tex/latex/amsmath/amsbsy.sty
Package: amsbsy 1999/11/29 v1.2d Bold Symbols
\pmbraise@=\dimen146
)
(/usr/local/texlive/2024/texmf-dist/tex/latex/amsmath/amsopn.sty
Package: amsopn 2022/04/08 v2.04 operator names
)
\inf@bad=\count275
LaTeX Info: Redefining \frac on input line 234.
\uproot@=\count276
\leftroot@=\count277
LaTeX Info: Redefining \overline on input line 399.
LaTeX Info: Redefining \colon on input line 410.
\classnum@=\count278
\DOTSCASE@=\count279
LaTeX Info: Redefining \ldots on input line 496.
LaTeX Info: Redefining \dots on input line 499.
LaTeX Info: Redefining \cdots on input line 620.
\Mathstrutbox@=\box51
\strutbox@=\box52
LaTeX Info: Redefining \big on input line 722.
LaTeX Info: Redefining \Big on input line 723.
LaTeX Info: Redefining \bigg on input line 724.
LaTeX Info: Redefining \Bigg on input line 725.
\big@size=\dimen147
LaTeX Font Info:    Redeclaring font encoding OML on input line 743.
LaTeX Font Info:    Redeclaring font encoding OMS on input line 744.
\macc@depth=\count280
LaTeX Info: Redefining \bmod on input line 905.
LaTeX Info: Redefining \pmod on input line 910.
LaTeX Info: Redefining \smash on input line 940.
LaTeX Info: Redefining \relbar on input line 970.
LaTeX Info: Redefining \Relbar on input line 971.
\c@MaxMatrixCols=\count281
\dotsspace@=\muskip17
\c@parentequation=\count282
\dspbrk@lvl=\count283
\tag@help=\toks21
\row@=\count284
\column@=\count285
\maxfields@=\count286
\andhelp@=\toks22
\eqnshift@=\dimen148
\alignsep@=\dimen149
\tagshift@=\dimen150
\tagwidth@=\dimen151
\totwidth@=\dimen152
\lineht@=\dimen153
\@envbody=\toks23
\multlinegap=\skip54
\multlinetaggap=\skip55
\mathdisplay@stack=\toks24
LaTeX Info: Redefining \[ on input line 2953.
LaTeX Info: Redefining \] on input line 2954.
)
(/usr/local/texlive/2024/texmf-dist/tex/latex/amsfonts/amssymb.sty
Package: amssymb 2013/01/14 v3.01 AMS font symbols

(/usr/local/texlive/2024/texmf-dist/tex/latex/amsfonts/amsfonts.sty
Package: amsfonts 2013/01/14 v3.01 Basic AMSFonts support
\symAMSa=\mathgroup4
\symAMSb=\mathgroup5
LaTeX Font Info:    Redeclaring math symbol \hbar on input line 98.
LaTeX Font Info:    Overwriting math alphabet `\mathfrak' in version `bold'
(Font)                  U/euf/m/n --> U/euf/b/n on input line 106.
))
(/usr/local/texlive/2024/texmf-dist/tex/latex/l3backend/l3backend-pdftex.def
File: l3backend-pdftex.def 2024-02-20 L3 backend support: PDF output (pdfTeX)
\l__color_backend_stack_int=\count287
\l__pdf_internal_box=\box53
)
(./De_Deo.aux)
\openout1 = `De_Deo.aux'.

LaTeX Font Info:    Checking defaults for OML/cmm/m/it on input line 8.
LaTeX Font Info:    ... okay on input line 8.
LaTeX Font Info:    Checking defaults for OMS/cmsy/m/n on input line 8.
LaTeX Font Info:    ... okay on input line 8.
LaTeX Font Info:    Checking defaults for OT1/cmr/m/n on input line 8.
LaTeX Font Info:    ... okay on input line 8.
LaTeX Font Info:    Checking defaults for T1/cmr/m/n on input line 8.
LaTeX Font Info:    ... okay on input line 8.
LaTeX Font Info:    Checking defaults for TS1/cmr/m/n on input line 8.
LaTeX Font Info:    ... okay on input line 8.
LaTeX Font Info:    Checking defaults for OMX/cmex/m/n on input line 8.
LaTeX Font Info:    ... okay on input line 8.
LaTeX Font Info:    Checking defaults for U/cmr/m/n on input line 8.
LaTeX Font Info:    ... okay on input line 8.
LaTeX Font Info:    Checking defaults for PD1/pdf/m/n on input line 8.
LaTeX Font Info:    ... okay on input line 8.
LaTeX Font Info:    Checking defaults for PU/pdf/m/n on input line 8.
LaTeX Font Info:    ... okay on input line 8.
 (/usr/local/texlive/2024/texmf-dist/tex/latex/graphics/color.sty
Package: color 2022/01/06 v1.3d Standard LaTeX Color (DPC)
(/usr/local/texlive/2024/texmf-dist/tex/latex/graphics-cfg/color.cfg
File: color.cfg 2016/01/02 v1.6 sample color configuration
)
Package color Info: Driver file: pdftex.def on input line 149.

(/usr/local/texlive/2024/texmf-dist/tex/latex/graphics-def/pdftex.def
File: pdftex.def 2022/09/22 v1.2b Graphics/color driver for pdftex

(/usr/local/texlive/2024/texmf-dist/tex/context/base/mkii/supp-pdf.mkii
[Loading MPS to PDF converter (version 2006.09.02).]
\scratchcounter=\count288
\scratchdimen=\dimen154
\scratchbox=\box54
\nofMPsegments=\count289
\nofMParguments=\count290
\everyMPshowfont=\toks25
\MPscratchCnt=\count291
\MPscratchDim=\dimen155
\MPnumerator=\count292
\makeMPintoPDFobject=\count293
\everyMPtoPDFconversion=\toks26
)) (/usr/local/texlive/2024/texmf-dist/tex/latex/graphics/mathcolor.ltx))
Package hyperref Info: Link coloring ON on input line 8.

(./De_Deo.out) (./De_Deo.out)
\@outlinefile=\write3
\openout3 = `De_Deo.out'.


Chapter 1.
LaTeX Font Info:    Trying to load font information for T1+cmss on input line 1
3.
(/usr/local/texlive/2024/texmf-dist/tex/latex/base/t1cmss.fd
File: t1cmss.fd 2023/04/13 v2.5m Standard LaTeX font definitions
)
LaTeX Font Info:    Trying to load font information for T1+cmtt on input line 1
7.

(/usr/local/texlive/2024/texmf-dist/tex/latex/base/t1cmtt.fd
File: t1cmtt.fd 2023/04/13 v2.5m Standard LaTeX font definitions
)
LaTeX Font Info:    Trying to load font information for U+msa on input line 47.


(/usr/local/texlive/2024/texmf-dist/tex/latex/amsfonts/umsa.fd
File: umsa.fd 2013/01/14 v3.01 AMS symbols A
)
LaTeX Font Info:    Trying to load font information for U+msb on input line 47.


(/usr/local/texlive/2024/texmf-dist/tex/latex/amsfonts/umsb.fd
File: umsb.fd 2013/01/14 v3.01 AMS symbols B
) [1



{/usr/local/texlive/2024/texmf-var/fonts/map/pdftex/updmap/pdftex.map}{/usr/loc
al/texlive/2024/texmf-dist/fonts/enc/dvips/cm-super/cm-super-t1.enc}]
Overfull \hbox (18.37578pt too wide) in paragraph at lines 434--452
\T1/cmtt/m/n/10 (* Note:Cetterègleaunerestrictionimportante:Pnedoitdépendred'au
cunehypothèse*)
 []


Overfull \hbox (23.6245pt too wide) in paragraph at lines 470--486
\T1/cmtt/m/n/10 (* R7:Extractiondel'implicationàpartirdel'équivalence(pourlanéc
essiténaturelle)*)
 []


Overfull \hbox (81.3604pt too wide) in paragraph at lines 490--507
\T1/cmtt/m/n/10 (* R8:Extractiondel'implicationréciproqueàpartirdel'équivalence
(pourlanécessiténaturelle)*)
 []


Overfull \hbox (55.1168pt too wide) in paragraph at lines 511--530
\T1/cmtt/m/n/10 (* R9:Axiomedenécessité-unepropositionnécessaireestvraiedanstou
slesmondespossibles*)
 []


Overfull \hbox (333.29887pt too wide) in paragraph at lines 534--565
\T1/cmtt/m/n/10 (* R10:Axiomedelacha\u00eenecausaledesmodesfinis-pourunmodefini
nonnécessaire,ilexisteunautremodefininonnécessairequilecause*)
 []

[2] [3]
Overfull \hbox (60.36552pt too wide) in paragraph at lines 1550--1570
\T1/cmtt/m/n/10 (* D4a:Unattributestcequel'intellectperçoitdelasubstancecommeco
nstituantsonessence*)
 []

[4]
Overfull \hbox (60.36552pt too wide) in paragraph at lines 1874--1894
\T1/cmtt/m/n/10 (* A7:Siunechosepeutêtreconçuecommenonexistante,sonessencen'imp
liquepasl'existence*)
 []

[5]
Overfull \hbox (86.60912pt too wide) in paragraph at lines 2152--2180
\T1/cmtt/m/n/10 (* A18:Sixetysontdessubstances,alorsxaplusderéalitéqueyssixaplu
sd'attributsquey*)
 []


Overfull \hbox (55.1168pt too wide) in paragraph at lines 2186--2215
\T1/cmtt/m/n/10 (* A19:Sixestunattributdeyetestconçuparyetesteny,alorsxestlapui
ssancedey*)
 []


Overfull \hbox (2.62962pt too wide) in paragraph at lines 2228--2256
\T1/cmtt/m/n/10 (* P1:Sixestunmodedeyetyestunesubstance,alorsxestenyetyestensoi
*)
 []

[6] [7]
Overfull \hbox (118.10143pt too wide) in paragraph at lines 2559--2591
\T1/cmtt/m/n/10 (* P3:Sixetyn'ontrienencommun,alorsxnepeutpasêtrecausedeyetynep
eutpasêtrecausedex*)
 []


Overfull \hbox (7.87834pt too wide) in paragraph at lines 2619--2637
\T1/cmtt/m/n/10 six,yn'ontrienencommunalorsilsnepeuventêtreconçusl'unàtraversl'
autre*)
 []

[8] [9] [10] [11]
Overfull \hbox (17.8759pt too wide) in paragraph at lines 3842--3863
\T1/cmtt/m/n/10 (* ParP3,sideuxchosesn'ontrienencommun,l'unenepeutpasêtrecaused
el'autre*)
 []

[12]
Overfull \hbox (2.12975pt too wide) in paragraph at lines 4127--4148
\T1/cmtt/m/n/10 (* ParP6c,sixestunesubstance,alorsaucuneautrechosenepeutêtrecau
sedex*)
 []

[13]
Overfull \hbox (23.12462pt too wide) in paragraph at lines 4251--4272
\T1/cmtt/m/n/10 (* ParD2,unechoseestfiniequandellepeutêtrelimitéeparuneautredem
êmenature*)
 []

[14]
Overfull \hbox (86.10924pt too wide) in paragraph at lines 4779--4798
\T1/cmtt/m/n/10 (* Étape2:Montrerque"unDieuexiste"impliquenécessairementque"unD
ieuexiste"estnécessaire*)
 []

[15]
Overfull \hbox (1.73494pt too wide) in paragraph at lines 4880--4898
\T1/cmtt/m/n/10 (* NousdevonsmaintenanttransformerL(existsy:U,y=g)enL(existsx:U
,G[]1x)*)
 []

[16]
Overfull \hbox (91.35796pt too wide) in paragraph at lines 5205--5225
\T1/cmtt/m/n/10 (* ParP7,sixestunesubstance,alorsxexistenécessairement(sonessen
ceimpliquesonexistence)*)
 []

[17] [18]
Overfull \hbox (1.62987pt too wide) in paragraph at lines 5760--5778
\T1/cmtt/m/n/10 (* Nousavonsmaintenantdeuxsubstances,gety,quipartagentlemêmeatt
ributa*)
 []


Overfull \hbox (23.04503pt too wide) in paragraph at lines 5839--5864
\T1/cmtt/m/n/10 (* Parcontraposition:existsz:U,(A[]2zx/\A[]2zy)->^^C(S[]1x/\S[]
1y/\x<>y)*)
 []


Overfull \hbox (38.79118pt too wide) in paragraph at lines 5865--5892
\T1/cmtt/m/n/10 (* Oudemanièreéquivalente:existsz:U,(A[]2zx/\A[]2zy)/\S[]1x/\S[
]1y->x=y*)
 []


Overfull \hbox (22.12486pt too wide) in paragraph at lines 5920--5938
\T1/cmtt/m/n/10 (* Sig\u2260y,alorsnousavonsdeuxsubstancesdifférentesaveclemême
attribut*)
 []

[19] [20] [21] [22]
Overfull \hbox (117.60155pt too wide) in paragraph at lines 7074--7098
\T1/cmtt/m/n/10 (* ParP17,ilexisteunDieugquiestcausedetouteschosesetn'estdéterm
inéparaucunecauseexterne*)
 []

[23]
Overfull \hbox (38.2913pt too wide) in paragraph at lines 7388--7413
\T1/cmtt/m/n/10 (* Donc^^C(^^CI[]2yg/\K[]2yg),cequiestlogiquementéquivalentàI[]
2yg\/^^CK[]2yg*)
 []


Overfull \hbox (7.37846pt too wide) in paragraph at lines 7542--7564
\T1/cmtt/m/n/10 (* ParD7a,sixestlibre,alorsxestcausedesoi-mêmeetn'apasdecauseex
terne*)
 []

[24] [25]
Overfull \hbox (28.37334pt too wide) in paragraph at lines 8175--8200
\T1/cmtt/m/n/10 (* ParD4b,sixestunattributdeg,alorsxestunattributetgestconçuàtr
aversx*)
 []

[26]
Overfull \hbox (91.85783pt too wide) in paragraph at lines 8483--8503
\T1/cmtt/m/n/10 (* P21:Toutcequisuitdel'essenceabsolued'unattributdeDieuexisten
écessairementetinfiniment*)
 []

[27] [28]
Overfull \hbox (13.12706pt too wide) in paragraph at lines 8912--8933
\T1/cmtt/m/n/10 (* P22:Toutcequisuitd'unattributdeDieuentantquemodifiéestéterne
letinfini*)
 []

[29]
Overfull \hbox (7.87834pt too wide) in paragraph at lines 9287--9304
\T1/cmtt/m/n/10 (* P23:Toutmodequiexistenécessairementetinfinimentdécouled'unat
tributdeDieu*)
 []

[30] [31] [32] [33] [34] [35] [36] [37] [38] [39]
Overfull \hbox (17.37602pt too wide) in paragraph at lines 12309--12331
\T1/cmtt/m/n/10 (* ParD7a,sixestlibre,alorsxestcausedesoi-mêmeetn'apasdecauseex
terne*)
 []


Overfull \hbox (1.12999pt too wide) in paragraph at lines 12443--12461
\T1/cmtt/m/n/10 (* Or,noussavonsquexestunmode(HMx)etunesubstance(HSx),contradic
tion*)
 []

[40]
Overfull \hbox (1.12999pt too wide) in paragraph at lines 12669--12687
\T1/cmtt/m/n/10 (* Or,noussavonsquexestunmode(HMx)etunesubstance(HSx),contradic
tion*)
 []


Overfull \hbox (13.12706pt too wide) in paragraph at lines 12739--12756
\T1/cmtt/m/n/10 (* Note:Jarrettindiquequecettepropositionn'estpasdérivabledeson
systèmeformel*)
 []


Overfull \hbox (86.60912pt too wide) in paragraph at lines 12757--12775
\T1/cmtt/m/n/10 (* Pourladémontrer,nousajoutonsunaxiomesupplémentaireR11quiform
aliselenécessitarismedivin*)
 []


Overfull \hbox (39.37065pt too wide) in paragraph at lines 12781--12799
\T1/cmtt/m/n/10 (* AxiomeR12:Siunechoseexistenécessairement,elleexistedanstousl
esmondespossibles*)
 []

[41]
Overfull \hbox (16.87614pt too wide) in paragraph at lines 13115--13131
\T1/cmtt/m/n/10 (* REMARQUE:Nousadmettonscefaitcommeunaxiomeimplicitedusystèmes
pinoziste*)
 []


Overfull \hbox (33.62206pt too wide) in paragraph at lines 13138--13157
\T1/cmtt/m/n/10 (* Siyexistenécessairement(HNy),alorsparR9,yexistedanstouslesmo
ndespossibles*)
 []

[42]
Overfull \hbox (86.10924pt too wide) in paragraph at lines 13164--13187
\T1/cmtt/m/n/10 (* ParR12,siyexistenécessairementetqu'ilestpossiblequezexiste(o
ùz\u2260yetgcausez),|  
 []


Overfull \hbox (17.8759pt too wide) in paragraph at lines 13296--13308
\T1/cmtt/m/n/10 (* Pourcompléterformellementnotrecontradiction,nousutilisonsuna
rgumentsémantique:|  
 []


Overfull \hbox (38.3709pt too wide) in paragraph at lines 13518--13543
\T1/cmtt/m/n/10 (* ParD4b,sixestunattributdeg,alorsxestunattributetgestconçuàtr
aversx*)
 []

[43]
Overfull \hbox (64.61449pt too wide) in paragraph at lines 13656--13683
\T1/cmtt/m/n/10 (* ParA19,sixestàlafoiseny,conçupary,etviceversa,alorsxestlapui
ssancedey*)
 []

[44] [45] [46]
Overfull \hbox (13.12706pt too wide) in paragraph at lines 14552--14569
\T1/cmtt/m/n/10 (* Note:Jarrettindiquequecettepropositionn'estpasdérivabledeson
systèmeformel*)
 []


Overfull \hbox (27.87346pt too wide) in paragraph at lines 14817--14835
\T1/cmtt/m/n/10 (* Cependant,nouspouvonsinvoquerP16quiétablitqueDieuestcausedet
outeschoses*)
 []


Overfull \hbox (6.87859pt too wide) in paragraph at lines 14839--14855
\T1/cmtt/m/n/10 (* PuisquegestDieu,ilauneinfinitéd'attributsetproduituneinfinit
éd'effets,|  
 []

[47]
Overfull \hbox (18.79607pt too wide) in paragraph at lines 14952--14971
\T1/cmtt/m/n/10 AxiomTransitive[]Causality:forallxyz:U,K[]2xy/\K[]2yz->existsw:
U,K[]2yw.|  
 []

[48] (./De_Deo.aux)
 ***********
LaTeX2e <2023-11-01> patch level 1
L3 programming layer <2024-02-20>
 ***********
Package rerunfilecheck Info: File `De_Deo.out' has not changed.
(rerunfilecheck)             Checksum: DE986543356E2FC79F5EA159E92685C0;119.
 ) 
Here is how much of TeX's memory you used:
 10615 strings out of 474116
 160590 string characters out of 5743682
 1957187 words of memory out of 5000000
 31936 multiletter control sequences out of 15000+600000
 567021 words of font info for 54 fonts, out of 8000000 for 9000
 1141 hyphenation exceptions out of 8191
 90i,6n,93p,3129b,530s stack positions out of 10000i,1000n,20000p,200000b,200000s
</usr/local/texlive/2024/texmf-dist/fonts/type1/public/amsfonts/cm/cmr10.pfb>
</usr/local/texlive/2024/texmf-dist/fonts/type1/public/amsfonts/cm/cmsy10.pfb><
/usr/local/texlive/2024/texmf-dist/fonts/type1/public/cm-super/sfbx2074.pfb></u
sr/local/texlive/2024/texmf-dist/fonts/type1/public/cm-super/sfbx2488.pfb></usr
/local/texlive/2024/texmf-dist/fonts/type1/public/cm-super/sfrm1000.pfb></usr/l
ocal/texlive/2024/texmf-dist/fonts/type1/public/cm-super/sfsi1000.pfb></usr/loc
al/texlive/2024/texmf-dist/fonts/type1/public/cm-super/sfss1000.pfb></usr/local
/texlive/2024/texmf-dist/fonts/type1/public/cm-super/sfsx2488.pfb></usr/local/t
exlive/2024/texmf-dist/fonts/type1/public/cm-super/sfti1000.pfb></usr/local/tex
live/2024/texmf-dist/fonts/type1/public/cm-super/sftt1000.pfb>
Output written on De_Deo.pdf (48 pages, 390856 bytes).
PDF statistics:
 4151 PDF objects out of 4296 (max. 8388607)
 4040 compressed objects within 41 object streams
 924 named destinations out of 1000 (max. 500000)
 9 words of extra memory for PDF output out of 10000 (max. 10000000)

